2014/07/09 13:10:14 : Info : Initialisation Traceur !
2014/07/09 13:10:14 : Info : .\Ressources\Langages\FR.xml
2014/07/09 13:10:14 : Info : fin du traitement de .\Ressources\Langages\EN.xml
2014/07/09 13:10:14 : Info : fin du traitement de .\Ressources\Langages\FR.xml
2014/07/09 13:10:14 : Info : fin du traitement de .\Ressources\Langages\ZZ.xml
2014/07/09 13:10:14 : Info : initialisation Règles de jeu
2014/07/09 13:10:14 : Info : Langage chargé : FR
2014/07/09 13:10:23 : INFO : Traitement menu Optionnel : type_jeu
2014/07/09 13:10:23 : INFO : Action Listing_string
2014/07/09 13:10:23 : INFO : Traitement menu Optionnel : choix_circuit
2014/07/09 13:10:23 : INFO : Action Listing_Repertoire
2014/07/09 13:10:23 : INFO : Traitement menu Optionnel : nombre_joueur
2014/07/09 13:10:23 : INFO : Action Listing_Nombre
2014/07/09 13:10:35 : INFO : Initialisation moteur règle
2014/07/09 13:10:43 : Erreur : Impossible de charger Caracteristique_String_ModeDeJeu dans Caracteristique_String
2014/07/09 13:11:31 : INFO : Traitement menu Optionnel : type_jeu
2014/07/09 13:11:31 : INFO : Action Listing_string
2014/07/09 13:11:31 : INFO : Traitement menu Optionnel : choix_circuit
2014/07/09 13:11:31 : INFO : Action Listing_Repertoire
2014/07/09 13:11:31 : INFO : Traitement menu Optionnel : nombre_joueur
2014/07/09 13:11:31 : INFO : Action Listing_Nombre
2014/07/09 13:11:33 : INFO : Initialisation moteur règle
2014/07/09 13:11:40 : Erreur : Impossible de charger Caracteristique_String_ModeDeJeu dans Caracteristique_String
